# JRE version: OpenJDK Runtime Environment Homebrew (11.0.12) (build 11.0.12+0)
# Java VM: OpenJDK 64-Bit Server VM Homebrew (11.0.12+0, mixed mode, tiered, compressed oops, g1 gc, bsd-aarch64)
Heap:
 garbage-first heap   total 262144K, used 219297K [0x00000007d0800000, 0x00000007f0800000)
  region size 1024K, 61 young (62464K), 1 survivors (1024K)
 Metaspace       used 85078K, capacity 87903K, committed 89568K, reserved 331776K
  class space    used 11017K, capacity 12044K, committed 12256K, reserved 253952K
GC Heap History (20 events):
Event: 138.293 GC heap before
{Heap before GC invocations=34 (full 0):
 garbage-first heap   total 262144K, used 227183K [0x00000007d0800000, 0x00000007f0800000)
  region size 1024K, 87 young (89088K), 3 survivors (3072K)
 Metaspace       used 75929K, capacity 78496K, committed 78688K, reserved 323584K
  class space    used 9861K, capacity 10776K, committed 10848K, reserved 253952K
}
Event: 138.294 GC heap after
{Heap after GC invocations=35 (full 0):
 garbage-first heap   total 262144K, used 141056K [0x00000007d0800000, 0x00000007f0800000)
  region size 1024K, 3 young (3072K), 3 survivors (3072K)
 Metaspace       used 75929K, capacity 78496K, committed 78688K, reserved 323584K
  class space    used 9861K, capacity 10776K, committed 10848K, reserved 253952K
}
Event: 138.436 GC heap before
{Heap before GC invocations=36 (full 0):
 garbage-first heap   total 262144K, used 228096K [0x00000007d0800000, 0x00000007f0800000)
  region size 1024K, 88 young (90112K), 3 survivors (3072K)
 Metaspace       used 75991K, capacity 78587K, committed 78944K, reserved 323584K
  class space    used 9871K, capacity 10785K, committed 10848K, reserved 253952K
}
Event: 138.437 GC heap after
{Heap after GC invocations=37 (full 0):
 garbage-first heap   total 262144K, used 141250K [0x00000007d0800000, 0x00000007f0800000)
  region size 1024K, 3 young (3072K), 3 survivors (3072K)
 Metaspace       used 75991K, capacity 78587K, committed 78944K, reserved 323584K
  class space    used 9871K, capacity 10785K, committed 10848K, reserved 253952K
}
Event: 138.547 GC heap before
{Heap before GC invocations=37 (full 0):
 garbage-first heap   total 262144K, used 158658K [0x00000007d0800000, 0x00000007f0800000)
  region size 1024K, 21 young (21504K), 3 survivors (3072K)
 Metaspace       used 78008K, capacity 80563K, committed 80864K, reserved 323584K
  class space    used 10157K, capacity 11129K, committed 11232K, reserved 253952K
}
Event: 138.550 GC heap after
{Heap after GC invocations=38 (full 0):
 garbage-first heap   total 262144K, used 142241K [0x00000007d0800000, 0x00000007f0800000)
  region size 1024K, 4 young (4096K), 4 survivors (4096K)
 Metaspace       used 78008K, capacity 80563K, committed 80864K, reserved 323584K
  class space    used 10157K, capacity 11129K, committed 11232K, reserved 253952K
}
Event: 138.702 GC heap before
{Heap before GC invocations=39 (full 0):
 garbage-first heap   total 262144K, used 194465K [0x00000007d0800000, 0x00000007f0800000)
  region size 1024K, 56 young (57344K), 4 survivors (4096K)
 Metaspace       used 83028K, capacity 85803K, committed 86112K, reserved 329728K
  class space    used 10802K, capacity 11791K, committed 11872K, reserved 253952K
}
Event: 138.706 GC heap after
{Heap after GC invocations=40 (full 0):
 garbage-first heap   total 262144K, used 144315K [0x00000007d0800000, 0x00000007f0800000)
  region size 1024K, 6 young (6144K), 6 survivors (6144K)
 Metaspace       used 83028K, capacity 85803K, committed 86112K, reserved 329728K
  class space    used 10802K, capacity 11791K, committed 11872K, reserved 253952K
}
Event: 138.787 GC heap before
{Heap before GC invocations=41 (full 0):
 garbage-first heap   total 262144K, used 212923K [0x00000007d0800000, 0x00000007f0800000)
  region size 1024K, 73 young (74752K), 6 survivors (6144K)
 Metaspace       used 83478K, capacity 86392K, committed 86624K, reserved 329728K
  class space    used 10859K, capacity 11859K, committed 11872K, reserved 253952K
}
Event: 138.791 GC heap after
{Heap after GC invocations=42 (full 0):
 garbage-first heap   total 262144K, used 153352K [0x00000007d0800000, 0x00000007f0800000)
  region size 1024K, 10 young (10240K), 10 survivors (10240K)
 Metaspace       used 83478K, capacity 86392K, committed 86624K, reserved 329728K
  class space    used 10859K, capacity 11859K, committed 11872K, reserved 253952K
}
Event: 139.061 GC heap before
{Heap before GC invocations=42 (full 0):
 garbage-first heap   total 262144K, used 213768K [0x00000007d0800000, 0x00000007f0800000)
  region size 1024K, 71 young (72704K), 10 survivors (10240K)
 Metaspace       used 86424K, capacity 89388K, committed 89568K, reserved 331776K
  class space    used 11193K, capacity 12241K, committed 12256K, reserved 253952K
}
Event: 139.066 GC heap after
{Heap after GC invocations=43 (full 0):
 garbage-first heap   total 262144K, used 154826K [0x00000007d0800000, 0x00000007f0800000)
  region size 1024K, 7 young (7168K), 7 survivors (7168K)
 Metaspace       used 86424K, capacity 89388K, committed 89568K, reserved 331776K
  class space    used 11193K, capacity 12241K, committed 12256K, reserved 253952K
}
Event: 139.137 GC heap before
{Heap before GC invocations=44 (full 0):
 garbage-first heap   total 262144K, used 213194K [0x00000007d0800000, 0x00000007f0800000)
  region size 1024K, 66 young (67584K), 7 survivors (7168K)
 Metaspace       used 86447K, capacity 89389K, committed 89568K, reserved 331776K
  class space    used 11193K, capacity 12241K, committed 12256K, reserved 253952K
}
Event: 139.140 GC heap after
{Heap after GC invocations=45 (full 0):
 garbage-first heap   total 262144K, used 159016K [0x00000007d0800000, 0x00000007f0800000)
  region size 1024K, 5 young (5120K), 5 survivors (5120K)
 Metaspace       used 86447K, capacity 89389K, committed 89568K, reserved 331776K
  class space    used 11193K, capacity 12241K, committed 12256K, reserved 253952K
}
Event: 139.195 GC heap before
{Heap before GC invocations=45 (full 0):
 garbage-first heap   total 262144K, used 216360K [0x00000007d0800000, 0x00000007f0800000)
  region size 1024K, 62 young (63488K), 5 survivors (5120K)
 Metaspace       used 86452K, capacity 89389K, committed 89568K, reserved 331776K
  class space    used 11193K, capacity 12241K, committed 12256K, reserved 253952K
}
Event: 139.197 GC heap after
{Heap after GC invocations=46 (full 0):
 garbage-first heap   total 262144K, used 160008K [0x00000007d0800000, 0x00000007f0800000)
  region size 1024K, 6 young (6144K), 6 survivors (6144K)
 Metaspace       used 86452K, capacity 89389K, committed 89568K, reserved 331776K
  class space    used 11193K, capacity 12241K, committed 12256K, reserved 253952K
}
Event: 139.279 GC heap before
{Heap before GC invocations=47 (full 0):
 garbage-first heap   total 262144K, used 217352K [0x00000007d0800000, 0x00000007f0800000)
  region size 1024K, 64 young (65536K), 6 survivors (6144K)
 Metaspace       used 85073K, capacity 87903K, committed 89568K, reserved 331776K
  class space    used 11017K, capacity 12044K, committed 12256K, reserved 253952K
}
Event: 139.281 GC heap after
{Heap after GC invocations=48 (full 0):
 garbage-first heap   total 262144K, used 161552K [0x00000007d0800000, 0x00000007f0800000)
  region size 1024K, 5 young (5120K), 5 survivors (5120K)
 Metaspace       used 85073K, capacity 87903K, committed 89568K, reserved 331776K
  class space    used 11017K, capacity 12044K, committed 12256K, reserved 253952K
}
Event: 139.288 GC heap before
{Heap before GC invocations=48 (full 0):
 garbage-first heap   total 262144K, used 167696K [0x00000007d0800000, 0x00000007f0800000)
  region size 1024K, 12 young (12288K), 5 survivors (5120K)
 Metaspace       used 85073K, capacity 87903K, committed 89568K, reserved 331776K
  class space    used 11017K, capacity 12044K, committed 12256K, reserved 253952K
}
Event: 139.291 GC heap after
{Heap after GC invocations=49 (full 0):
 garbage-first heap   total 262144K, used 157857K [0x00000007d0800000, 0x00000007f0800000)
  region size 1024K, 1 young (1024K), 1 survivors (1024K)
 Metaspace       used 85073K, capacity 87903K, committed 89568K, reserved 331776K
  class space    used 11017K, capacity 12044K, committed 12256K, reserved 253952K
}

